<?xml version="1.0" encoding="UTF-8"?>
<!-- Generated by org.testng.reporters.JUnitReportReporter -->
<testsuite skipped="0" hostname="COMP777" name="Loginpage.testCases.TC_Login_001" tests="1" failures="0" timestamp="08 Jun 2020 09:42:39 GMT" time="4.270" errors="0">
  <testcase name="LoginTest" time="4.270" classname="Loginpage.testCases.TC_Login_001"/>
</testsuite> <!-- Loginpage.testCases.TC_Login_001 -->
