<?xml version="1.0" encoding="UTF-8"?>
<!-- Generated by org.testng.reporters.JUnitReportReporter -->
<testsuite skipped="0" hostname="COMP777" name="Loginpage.testCases.TC_AdmissionForm" tests="1" failures="0" timestamp="03 Jun 2020 05:31:22 GMT" time="14.156" errors="0">
  <testcase name="AdmissionForm" time="14.156" classname="Loginpage.testCases.TC_AdmissionForm"/>
</testsuite> <!-- Loginpage.testCases.TC_AdmissionForm -->
