<?xml version="1.0" encoding="UTF-8"?>
<!-- Generated by org.testng.reporters.JUnitReportReporter -->
<testsuite skipped="0" hostname="COMP777" name="Loginpage.testCases.TC_Addfees" tests="2" failures="0" timestamp="03 Jun 2020 06:34:14 GMT" time="10.238" errors="0">
  <testcase name="LoginTest" time="4.422" classname="Loginpage.testCases.TC_Addfees"/>
  <testcase name="Addfees" time="5.816" classname="Loginpage.testCases.TC_Addfees"/>
</testsuite> <!-- Loginpage.testCases.TC_Addfees -->
