<?xml version="1.0" encoding="UTF-8"?>
<!-- Generated by org.testng.reporters.JUnitReportReporter -->
<testsuite skipped="0" hostname="COMP777" name="Loginpage.testCases.TC_AdmissionStatus" tests="2" failures="0" timestamp="02 Jun 2020 05:07:37 GMT" time="18.361" errors="0">
  <testcase name="LoginTest" time="3.994" classname="Loginpage.testCases.TC_AdmissionStatus"/>
  <testcase name="AdmissionStatus1" time="14.367" classname="Loginpage.testCases.TC_AdmissionStatus"/>
</testsuite> <!-- Loginpage.testCases.TC_AdmissionStatus -->
