<?xml version="1.0" encoding="UTF-8"?>
<!-- Generated by org.testng.reporters.JUnitReportReporter -->
<testsuite skipped="0" hostname="COMP777" name="Loginpage.testCases.TC_EmployeeView" tests="2" failures="0" timestamp="02 Jun 2020 11:15:06 GMT" time="7.932" errors="0">
  <testcase name="LoginTest" time="3.570" classname="Loginpage.testCases.TC_EmployeeView"/>
  <testcase name="viewEmp" time="4.362" classname="Loginpage.testCases.TC_EmployeeView"/>
</testsuite> <!-- Loginpage.testCases.TC_EmployeeView -->
